<?xml version="1.0" encoding="UTF-8"?>
<!-- Generated by org.testng.reporters.JUnitXMLReporter -->
<testsuite ignored="4" hostname="Expert" failures="0" tests="1" name="Default test(failed)" time="0.085" errors="0" timestamp="04 Nov 2021 13:53:21 GMT">
  <testcase classname="MyMavenProject2.GroupingPractice" name="method2" time="0.026"/>
  <testcase classname="MyMavenProject2.GroupingPractice" name="method4" time="0.0">
    <ignored/>
  </testcase> <!-- method4 -->
  <testcase classname="MyMavenProject2.GroupingPractice" name="method5" time="0.0">
    <ignored/>
  </testcase> <!-- method5 -->
  <testcase classname="MyMavenProject2.GroupingPractice" name="method3" time="0.0">
    <ignored/>
  </testcase> <!-- method3 -->
  <testcase classname="MyMavenProject2.GroupingPractice" name="method1" time="0.0">
    <ignored/>
  </testcase> <!-- method1 -->
</testsuite> <!-- Default test(failed) -->
