<?xml version="1.0" encoding="UTF-8"?>
<testng-results ignored="0" total="1" passed="1" failed="0" skipped="0">
  <reporter-output>
  </reporter-output>
  <suite started-at="2021-11-07T20:02:28Z" name="Surefire suite" finished-at="2021-11-07T20:02:28Z" duration-ms="406">
    <groups>
    </groups>
    <test started-at="2021-11-07T20:02:28Z" name="Surefire test" finished-at="2021-11-07T20:02:28Z" duration-ms="406">
      <class name="MyMavenProject2.AppTest">
        <test-method signature="shouldAnswerWithTrue()" started-at="2021-11-07T20:02:28Z" name="shouldAnswerWithTrue" finished-at="2021-11-07T20:02:28Z" duration-ms="53" status="PASS">
          <reporter-output>
          </reporter-output>
        </test-method> <!-- shouldAnswerWithTrue -->
      </class> <!-- MyMavenProject2.AppTest -->
    </test> <!-- Surefire test -->
  </suite> <!-- Surefire suite -->
</testng-results>
