<?xml version="1.0" encoding="UTF-8"?>
<testng-results ignored="0" total="2" passed="2" failed="0" skipped="0">
  <reporter-output>
  </reporter-output>
  <suite started-at="2021-11-06T14:44:46Z" name="Suite" finished-at="2021-11-06T14:45:18Z" duration-ms="32188">
    <groups>
    </groups>
    <test started-at="2021-11-06T14:44:46Z" name="Test" finished-at="2021-11-06T14:45:18Z" duration-ms="32188">
      <class name="MyMavenProject2.NewTourTestClass">
        <test-method is-config="true" signature="launchingBrowser(java.lang.String)[pri:0, instance:MyMavenProject2.NewTourTestClass@7ef82753]" started-at="2021-11-06T14:44:46Z" name="launchingBrowser" finished-at="2021-11-06T14:45:06Z" duration-ms="20358" status="PASS">
          <params>
            <param index="0">
              <value>
                <![CDATA[http://demo.guru99.com/test/newtours/]]>
              </value>
            </param>
          </params>
          <reporter-output>
          </reporter-output>
        </test-method> <!-- launchingBrowser -->
        <test-method is-config="true" signature="NewTourLogin()[pri:0, instance:MyMavenProject2.NewTourTestClass@7ef82753]" started-at="2021-11-06T14:45:06Z" name="NewTourLogin" finished-at="2021-11-06T14:45:08Z" duration-ms="1979" status="PASS">
          <reporter-output>
          </reporter-output>
        </test-method> <!-- NewTourLogin -->
        <test-method signature="logoVerification()[pri:0, instance:MyMavenProject2.NewTourTestClass@7ef82753]" started-at="2021-11-06T14:45:08Z" name="logoVerification" finished-at="2021-11-06T14:45:08Z" duration-ms="142" status="PASS">
          <reporter-output>
          </reporter-output>
        </test-method> <!-- logoVerification -->
        <test-method is-config="true" signature="verifyLogout()[pri:0, instance:MyMavenProject2.NewTourTestClass@7ef82753]" started-at="2021-11-06T14:45:08Z" name="verifyLogout" finished-at="2021-11-06T14:45:09Z" duration-ms="1104" status="PASS">
          <reporter-output>
          </reporter-output>
        </test-method> <!-- verifyLogout -->
        <test-method is-config="true" signature="NewTourLogin()[pri:0, instance:MyMavenProject2.NewTourTestClass@7ef82753]" started-at="2021-11-06T14:45:09Z" name="NewTourLogin" finished-at="2021-11-06T14:45:11Z" duration-ms="1464" status="PASS">
          <reporter-output>
          </reporter-output>
        </test-method> <!-- NewTourLogin -->
        <test-method signature="verifyFlightTab()[pri:0, instance:MyMavenProject2.NewTourTestClass@7ef82753]" started-at="2021-11-06T14:45:11Z" name="verifyFlightTab" finished-at="2021-11-06T14:45:16Z" duration-ms="5170" status="PASS">
          <reporter-output>
          </reporter-output>
        </test-method> <!-- verifyFlightTab -->
        <test-method is-config="true" signature="verifyLogout()[pri:0, instance:MyMavenProject2.NewTourTestClass@7ef82753]" started-at="2021-11-06T14:45:16Z" name="verifyLogout" finished-at="2021-11-06T14:45:18Z" duration-ms="1441" status="PASS">
          <reporter-output>
          </reporter-output>
        </test-method> <!-- verifyLogout -->
        <test-method is-config="true" signature="closinApplication()[pri:0, instance:MyMavenProject2.NewTourTestClass@7ef82753]" started-at="2021-11-06T14:45:18Z" name="closinApplication" finished-at="2021-11-06T14:45:18Z" duration-ms="473" status="PASS">
          <reporter-output>
          </reporter-output>
        </test-method> <!-- closinApplication -->
      </class> <!-- MyMavenProject2.NewTourTestClass -->
    </test> <!-- Test -->
  </suite> <!-- Suite -->
</testng-results>
